<?xml version="1.0" encoding="UTF-8"?>
<!-- Generated by org.testng.reporters.JUnitXMLReporter -->
<testsuite ignored="0" hostname="kprabhakar" failures="1" tests="1" name="Default test" time="28.671" errors="0" timestamp="2025-03-10T16:53:00 IST">
  <testcase classname="io.cucumber.testng.AbstractTestNGCucumberTests" name="runScenario" time="27.905">
    <failure type="java.lang.AssertionError" message="expected [manda user] but found [test user laure labrouche]">
      <![CDATA[java.lang.AssertionError: expected [manda user] but found [test user laure labrouche]
at org.testng.Assert.fail(Assert.java:111)
at org.testng.Assert.failNotEquals(Assert.java:1578)
at org.testng.Assert.assertEqualsImpl(Assert.java:150)
at org.testng.Assert.assertEquals(Assert.java:132)
at org.testng.Assert.assertEquals(Assert.java:656)
at org.testng.Assert.assertEquals(Assert.java:666)
at org.wipro.stepDefenition.Sample2Scenario.user_verifies_the_profile_account(Sample2Scenario.java:29)
at ✽.User verifies the profile account(file:///C:/Users/prabh/OneDrive/Desktop/java/wipro%20training/PageFactoryMaven/src/test/resources/Feature/Sample3.feature:9)
]]>
    </failure>
  </testcase> <!-- runScenario -->
</testsuite> <!-- Default test -->
