<?xml version="1.0" encoding="UTF-8"?>
<!-- Generated by org.testng.reporters.JUnitXMLReporter -->
<testsuite ignored="0" hostname="kprabhakar" failures="0" tests="3" name="Test" time="51.137" errors="0" timestamp="2025-03-05T11:38:02 IST">
  <testcase classname="org.wipro.TestCaseDemo.Test1" name="TestTitle" time="0.164"/>
  <testcase classname="org.wipro.TestCaseDemo.Test2" name="Testloginbutton" time="6.775"/>
  <testcase classname="org.wipro.TestCaseDemo.Test3" name="TestMenu" time="9.081"/>
</testsuite> <!-- Test -->
