<?xml version="1.0" encoding="UTF-8"?>
<testng-results ignored="0" total="1" passed="1" failed="0" skipped="0">
  <reporter-output>
  </reporter-output>
  <suite started-at="2025-03-12T11:54:51 IST" name="Suite" finished-at="2025-03-12T11:55:10 IST" duration-ms="18319">
    <groups>
      <group name="cucumber">
        <method signature="AbstractTestNGCucumberTests.runScenario(io.cucumber.testng.PickleWrapper,io.cucumber.testng.FeatureWrapper)[pri:0, instance:org.wipro.TestRunner.DemoNG@25ce9dc4]" name="runScenario" class="io.cucumber.testng.AbstractTestNGCucumberTests"/>
      </group> <!-- cucumber -->
    </groups>
    <test started-at="2025-03-12T11:54:51 IST" name="Test" finished-at="2025-03-12T11:55:10 IST" duration-ms="18319">
      <class name="org.wipro.TestRunner.DemoNG">
        <test-method is-config="true" signature="setUpClass(org.testng.ITestContext)[pri:0, instance:org.wipro.TestRunner.DemoNG@25ce9dc4]" started-at="2025-03-12T11:54:51 IST" name="setUpClass" finished-at="2025-03-12T11:54:52 IST" duration-ms="735" status="PASS">
          <params>
            <param index="0">
              <value>
                <![CDATA[org.testng.TestRunner@3513c84c]]>
              </value>
            </param>
          </params>
          <reporter-output>
          </reporter-output>
        </test-method> <!-- setUpClass -->
        <test-method signature="runScenario(io.cucumber.testng.PickleWrapper,io.cucumber.testng.FeatureWrapper)[pri:0, instance:org.wipro.TestRunner.DemoNG@25ce9dc4]" started-at="2025-03-12T11:54:52 IST" name="runScenario" description="Runs Cucumber Scenarios" data-provider="scenarios" finished-at="2025-03-12T11:55:10 IST" duration-ms="17522" status="PASS">
          <params>
            <param index="0">
              <value>
                <![CDATA["To check login functionality of the Application"]]>
              </value>
            </param>
            <param index="1">
              <value>
                <![CDATA["Unknown"]]>
              </value>
            </param>
          </params>
          <reporter-output>
          </reporter-output>
        </test-method> <!-- runScenario -->
        <test-method is-config="true" signature="tearDownClass()[pri:0, instance:org.wipro.TestRunner.DemoNG@25ce9dc4]" started-at="2025-03-12T11:55:10 IST" name="tearDownClass" finished-at="2025-03-12T11:55:10 IST" duration-ms="19" status="PASS">
          <reporter-output>
          </reporter-output>
        </test-method> <!-- tearDownClass -->
      </class> <!-- org.wipro.TestRunner.DemoNG -->
    </test> <!-- Test -->
  </suite> <!-- Suite -->
</testng-results>
